# gen_string(6,1);;
- : int list = [1; 1; 1; 1; 1; 1]
# gen_string(6,"a");;
- : string list = ["a"; "a"; "a"; "a"; "a"; "a"]

# gen_square(3);;
- : string list = ["u"; "u"; "u"; "r"; "r"; "r"; "d"; "d"; "d"; "l"; "l"; "l"]
# gen_square(1);;
- : string list = ["u"; "r"; "d"; "l"]

# gen_rect(1,2);;
- : string list = ["u"; "r"; "r"; "d"; "l"; "l"]
# gen_rect(1,4);;
- : string list = ["u"; "r"; "r"; "r"; "r"; "d"; "l"; "l"; "l"; "l"]

# countups(["u";"m30";"u"],0);;
- : int = 2
# countups(["a";"m30";"a"],0);;
- : int = 0

# consec_counts(["a";"a";"b";"b";"a"],0,"a");;
- : string list * int = (["b"; "b"; "a"], 2)
# consec_counts(["a";"a";"b";"b";"a"],0,"b");;
- : string list * int = (["a"; "a"; "b"; "b"; "a"], 0)

# sq(["u";"r";"r";"d";"l";"u";"d"]);;
- : bool = true
# sq(["u";"r";"r";"l";]);;           
- : bool = false

# sq_all(["u";"u";"r";"r";"d";"l";"u"]);;
- : bool = false
# sq_all(["u";"u";"r";"r";"d";"l"]);;
- : bool = true

# sqA(["u";"r";"d";"l"]);;
- : bool = true
# sqA(["u";"u";"r";"r";"d";"d";"l";"x"]);;
- : bool = false

# eqtriA(["u";"u";"m30";"m30";"p240";"p240"]);;
- : bool = true
# eqtriA(["u";"u";"m30";"m30";"p240"]);;       
- : bool = false

# one_shift([1;2;3;4]);;            
- : int list = [2; 3; 4; 1]
# one_shift(["u";"r";"d";"l"]);;    
- : string list = ["r"; "d"; "l"; "u"]

# all_shifts(["u";"r";"d";"l"]);;
- : string list list = [["r"; "d"; "l"; "u"]; ["d"; "l"; "u"; "r"]; ["l"; "u"; "r"; "d"]]
# all_shifts(["1";"2";"3";"4"]);;
- : string list list = [["2"; "3"; "4"; "1"]; ["3"; "4"; "1"; "2"]; ["4"; "1"; "2"; "3"]]

# all_cases([1;2;3;4]);;
- : int list list = [[1; 2; 3; 4]; [2; 3; 4; 1]; [3; 4; 1; 2]; [4; 1; 2; 3]]
# all_cases(["u";"r";"d";"l"]);; 
- : string list list = [["u"; "r"; "d"; "l"]; ["r"; "d"; "l"; "u"]; ["d"; "l"; "u"; "r"]; ["l"; "u"; "r"; "d"]]

# try_all_sqA(["u";"r";"d";"l"]);;
- : bool = true
# try_all_sqA(["r";"d";"l";"u"]);;
- : bool = true

# try_all_eqtriA(["u";"m30";"m30";"p240";"p240";"u"]);;    
- : bool = true
# try_all_eqtriA(["p240";"m30";"u"]);;                     
- : bool = false
