
['which_shape.pro'].
true.

uA(L,["u","u","u"],[]).
L = 3 .

uA(L,["r","u","u"],[]).
false.

uA(3,What,[]).
What = ["u", "u", "u"]

rA(L,["r","r","r"],[]).
L = 3 .

rA(L,["r","r","f"],[]).
false.

rA(3,What,[]).
What = ["r", "r", "r"]

dA(L,["r","r","r"],[]).
false.

dA(L,["d","d","d"],[]).
L = 3 .

dA(4,W,[]).
W = ["d", "d", "d", "d"]

lA(4,W,[]).
W = ["l", "l", "l", "l"]

lA(L,["d","d","d"],[]).
false.

lA(L,["l","l","l"],[]).
L = 3 .

sq(["r"],[]).
false.

sq(["u"],[]).
false.

sq(["u","r","d","l"],[]).
true.

sq(["u","r","d","l","l"],[]).
true.

sq(["r","d","l","l"],[]).
false.

sqA(["r","d","l","l"],[]).
false.

sqA(["u","u","r","r","d","d","l","l"],[]).
true.

sqA(["u","u","r","r","d","l","l"],[]).
false.

sqA(["u","r","d","l"],[]).
true.

rctA(["u","r","r","d","l","l"],[]).
true.

rctA(["u","u","r","d","l","l"],[]).
false.

rctA(["u","r","r","d","l","l"],[]).
true.

grect(5,2,What).
What = ["u", "u", "u", "u", "u", "r", "r", "d", "d"|...]

grect(5,2,What), writeq(What).
["u","u","u","u","u","r","r","d","d","d","d","d","l","l"]
What = ["u", "u", "u", "u", "u", "r", "r", "d", "d"|...]

grect(3,4,R), writeq(R).
["u","u","u","r","r","r","r","d","d","d","l","l","l","l"]
R = ["u", "u", "u", "r", "r", "r", "r", "d", "d"|...]

grect(2,1,["u","u","r","d","d","l"]).
true.

p240A(L,["p240","p240"],[]).
L = 2 .

p240A(L,["p240","p240","m30"],[]).
false.

p240A(2,What,[]).
What = ["p240", "p240"]


m30A(2,What,[]).
What = ["m30", "m30"]

m30A(L,["p240","p240","m30"],[]).
false.

m30A(L,["m30"],[]).
L = 1

eqtriA(["u","u","m30","p240"],[]).
false.

eqtriA(["u","m30","p240"],[]).
true.

eqtriA(["u","u","u","m30","m30","m30","p240","p240","p240"],[]).
true.

one_shift([1,2,3,4],W).
W = [2, 3, 4, 1].

one_shift([1,2,3,4],W),one_shift(W,R).
W = [2, 3, 4, 1],
R = [3, 4, 1, 2].

one_shift(["u","r","d","l"],W).
W = ["r", "d", "l", "u"].

one_shift(["u","r","d","m30"],W).
W = ["r", "d", "m30", "u"].

length([1,2,3,4],L), all_shifts([1,2,3,4],R,L,1).
L = 4,
R = [[2, 3, 4, 1], [3, 4, 1, 2], [4, 1, 2, 3]].

length([1,2,3,4],L), all_shifts([1,2,3,4],R,L,3).
L = 4,
R = [[4, 1, 2, 3], [1, 2, 3, 4], [2, 3, 4, 1]].

length(["u","m30","p240"],L), all_shifts(["u","m30","p240"],R,L,3).
L = 3,
R = [["u", "m30", "p240"], ["m30", "p240", "u"]].

start_shifts([1,2,3,4],What).
What = [[2, 3, 4, 1], [3, 4, 1, 2], [4, 1, 2, 3]].

start_shifts([1,2,3],What).
What = [[2, 3, 1], [3, 1, 2]]

start_shifts(["m30","u","p240"],What).
What = [["u", "p240", "m30"], ["p240", "m30", "u"]].

all_cases([1,2,3,4],What).
What = [[1, 2, 3, 4], [2, 3, 4, 1], [3, 4, 1, 2], [4, 1, 2, 3]].

all_cases(["u","r","d","l"],What).
What = [["u", "r", "d", "l"], ["r", "d", "l", "u"], ["d", "l", "u", "r"], ["l", "u", "r", "d"]].

all_cases(["u","u","u","r","r","d","d","d","l","l"],What), writeq(What).
[["u","u","u","r","r","d","d","d","l","l"],["u","u","r","r","d","d","d","l","l","u"],["u","r","r","d","d","d","l","l","u","u"],["r","r","d","d","d","l","l","u","u","u"],["r","d","d","d","l","l","u","u","u","r"],["d","d","d","l","l","u","u","u","r","r"],["d","d","l","l","u","u","u","r","r","d"],["d","l","l","u","u","u","r","r","d","d"],["l","l","u","u","u","r","r","d","d","d"],["l","u","u","u","r","r","d","d","d","l"]]
What = [["u", "u", "u", "r", "r", "d", "d", "d"|...], ["u", "u", "r", "r", "d", "d", "d"|...], ["u", "r", "r", "d", "d", "d"|...], ["r", "r", "d", "d", "d"|...], ["r", "d", "d", "d"|...], ["d", "d", "d"|...], ["d", "d"|...], ["d"|...], [...|...]|...].

all_cases(["u","r","r","d","d","l","l","u"],What),try_all_sqA(What).
cyclic shift: ["u","u","r","r","d","d","l","l"] is a square
What = [["u", "r", "r", "d", "d", "l", "l", "u"], ["r", "r", "d", "d", "l", "l", "u"|...], ["r", "d", "d", "l", "l", "u"|...], ["d", "d", "l", "l", "u"|...], ["d", "l", "l", "u"|...], ["l", "l", "u"|...], ["l", "u"|...], ["u"|...]]

all_cases(["u","u","u","r","r","d","d","d","l","l"],What),try_all_sqA(What).
false.

all_cases(["u","u","u","r","r","d","d","d","l","m30"],What),try_all_sqA(What).
false.

all_cases(["u","u","u","r","r","d","d","d","l","l"],What), try_all_rctA(What).
cyclic shift: ["u","u","u","r","r","d","d","d","l","l"] is a rectangle
What = [["u", "u", "u", "r", "r", "d", "d", "d"|...], ["u", "u", "r", "r", "d", "d", "d"|...], ["u", "r", "r", "d", "d", "d"|...], ["r", "r", "d", "d", "d"|...], ["r", "d", "d", "d"|...], ["d", "d", "d"|...], ["d", "d"|...], ["d"|...], [...|...]|...].

all_cases(["d","d","d","l","l","u","u","u","r","r"],Cases),try_all_rctA(Cases).
cyclic shift: ["u","u","u","r","r","d","d","d","l","l"] is a rectangle
Cases = [["d", "d", "d", "l", "l", "u", "u", "u"|...], ["d", "d", "l", "l", "u", "u", "u"|...], ["d", "l", "l", "u", "u", "u"|...], ["l", "l", "u", "u", "u"|...], ["l", "u", "u", "u"|...], ["u", "u", "u"|...], ["u", "u"|...], ["u"|...], [...|...]|...].

all_cases(["d","d","d","l","u","u","u","r","r"],Cases),try_all_rctA(Cases).
false.

all_cases(["u","u","u","r","r","d","d","d","l","l"],What),try_all_eqtriA(What).
false.

all_cases(["p240","p240","u","u","u","m30","m30","m30","p240"],What),try_all_eqtriA(What).
cyclic shift: ["u","u","u","m30","m30","m30","p240","p240","p240"] is an equilateral triangle
What = [["p240", "p240", "u", "u", "u", "m30", "m30", "m30"|...], ["p240", "u", "u", "u", "m30", "m30", "m30"|...], ["u", "u", "u", "m30", "m30", "m30"|...], ["u", "u", "m30", "m30", "m30"|...], ["u", "m30", "m30", "m30"|...], ["m30", "m30", "m30"|...], ["m30", "m30"|...], ["m30"|...], [...|...]].

all_cases(["p240","p240","u","u","m30","m30","m30"],What),try_all_eqtriA(What).
false.

halt.
